Build started 3/27/2014 5:28:38 PM.
     1>Project "C:\Users\Nathan\Desktop\Inventions\C++\BattleShipGame\BattleShipGame\BattleShipGame.vcxproj" on node 2 (build target(s)).
     1>InitializeBuildStatus:
         Creating "Debug\BattleShipGame.unsuccessfulbuild" because "AlwaysCreate" was specified.
       ClCompile:
         c:\Program Files (x86)\Microsoft Visual Studio 10.0\VC\bin\CL.exe /c /ZI /nologo /W3 /WX- /Od /Oy- /D WIN32 /D _DEBUG /D _CONSOLE /D _UNICODE /D UNICODE /Gm /EHsc /RTC1 /MDd /GS /fp:precise /Zc:wchar_t /Zc:forScope /Fo"Debug\\" /Fd"Debug\vc100.pdb" /Gd /TP /analyze- /errorReport:prompt BattleShip.cpp EnemyTurn.cpp IntroImp.cpp MapImp.cpp PlayerTurn.cpp ShipImp.cpp
         ShipImp.cpp
         PlayerTurn.cpp
         MapImp.cpp
     1>c:\users\nathan\desktop\inventions\c++\battleshipgame\battleshipgame\extendedwin32console.h(127): warning C4996: 'itoa': The POSIX name for this item is deprecated. Instead, use the ISO C++ conformant name: _itoa. See online help for details.
                 c:\program files (x86)\microsoft visual studio 10.0\vc\include\stdlib.h(867) : see declaration of 'itoa'
     1>c:\users\nathan\desktop\inventions\c++\battleshipgame\battleshipgame\extendedwin32console.h(139): warning C4996: 'itoa': The POSIX name for this item is deprecated. Instead, use the ISO C++ conformant name: _itoa. See online help for details.
                 c:\program files (x86)\microsoft visual studio 10.0\vc\include\stdlib.h(867) : see declaration of 'itoa'
     1>c:\users\nathan\desktop\inventions\c++\battleshipgame\battleshipgame\extendedwin32console.h(149): warning C4996: 'itoa': The POSIX name for this item is deprecated. Instead, use the ISO C++ conformant name: _itoa. See online help for details.
                 c:\program files (x86)\microsoft visual studio 10.0\vc\include\stdlib.h(867) : see declaration of 'itoa'
     1>c:\users\nathan\desktop\inventions\c++\battleshipgame\battleshipgame\extendedwin32console.h(159): warning C4996: 'itoa': The POSIX name for this item is deprecated. Instead, use the ISO C++ conformant name: _itoa. See online help for details.
                 c:\program files (x86)\microsoft visual studio 10.0\vc\include\stdlib.h(867) : see declaration of 'itoa'
     1>c:\users\nathan\desktop\inventions\c++\battleshipgame\battleshipgame\extendedwin32console.h(169): warning C4996: 'itoa': The POSIX name for this item is deprecated. Instead, use the ISO C++ conformant name: _itoa. See online help for details.
                 c:\program files (x86)\microsoft visual studio 10.0\vc\include\stdlib.h(867) : see declaration of 'itoa'
     1>c:\users\nathan\desktop\inventions\c++\battleshipgame\battleshipgame\extendedwin32console.h(179): warning C4996: 'itoa': The POSIX name for this item is deprecated. Instead, use the ISO C++ conformant name: _itoa. See online help for details.
                 c:\program files (x86)\microsoft visual studio 10.0\vc\include\stdlib.h(867) : see declaration of 'itoa'
     1>c:\users\nathan\desktop\inventions\c++\battleshipgame\battleshipgame\extendedwin32console.h(191): warning C4996: '_fcvt': This function or variable may be unsafe. Consider using _fcvt_s instead. To disable deprecation, use _CRT_SECURE_NO_WARNINGS. See online help for details.
                 c:\program files (x86)\microsoft visual studio 10.0\vc\include\stdlib.h(726) : see declaration of '_fcvt'
     1>c:\users\nathan\desktop\inventions\c++\battleshipgame\battleshipgame\extendedwin32console.h(207): warning C4996: 'strncpy': This function or variable may be unsafe. Consider using strncpy_s instead. To disable deprecation, use _CRT_SECURE_NO_WARNINGS. See online help for details.
                 c:\program files (x86)\microsoft visual studio 10.0\vc\include\string.h(188) : see declaration of 'strncpy'
     1>c:\users\nathan\desktop\inventions\c++\battleshipgame\battleshipgame\extendedwin32console.h(213): warning C4996: 'strcpy': This function or variable may be unsafe. Consider using strcpy_s instead. To disable deprecation, use _CRT_SECURE_NO_WARNINGS. See online help for details.
                 c:\program files (x86)\microsoft visual studio 10.0\vc\include\string.h(105) : see declaration of 'strcpy'
     1>c:\users\nathan\desktop\inventions\c++\battleshipgame\battleshipgame\mapimp.cpp(150): warning C4996: 'getch': The POSIX name for this item is deprecated. Instead, use the ISO C++ conformant name: _getch. See online help for details.
                 c:\program files (x86)\microsoft visual studio 10.0\vc\include\conio.h(128) : see declaration of 'getch'
     1>c:\users\nathan\desktop\inventions\c++\battleshipgame\battleshipgame\mapimp.cpp(309): warning C4244: 'argument' : conversion from 'time_t' to 'unsigned int', possible loss of data
         IntroImp.cpp
     1>c:\users\nathan\desktop\inventions\c++\battleshipgame\battleshipgame\introimp.cpp(74): warning C4129: '/' : unrecognized character escape sequence
     1>c:\users\nathan\desktop\inventions\c++\battleshipgame\battleshipgame\introimp.cpp(80): warning C4129: '_' : unrecognized character escape sequence
     1>c:\users\nathan\desktop\inventions\c++\battleshipgame\battleshipgame\introimp.cpp(81): warning C4129: ' ' : unrecognized character escape sequence
     1>c:\users\nathan\desktop\inventions\c++\battleshipgame\battleshipgame\introimp.cpp(82): warning C4129: '=' : unrecognized character escape sequence
     1>c:\users\nathan\desktop\inventions\c++\battleshipgame\battleshipgame\introimp.cpp(82): warning C4129: '/' : unrecognized character escape sequence
     1>c:\users\nathan\desktop\inventions\c++\battleshipgame\battleshipgame\introimp.cpp(83): warning C4129: '=' : unrecognized character escape sequence
     1>c:\users\nathan\desktop\inventions\c++\battleshipgame\battleshipgame\introimp.cpp(95): warning C4996: 'getch': The POSIX name for this item is deprecated. Instead, use the ISO C++ conformant name: _getch. See online help for details.
                 c:\program files (x86)\microsoft visual studio 10.0\vc\include\conio.h(128) : see declaration of 'getch'
     1>c:\users\nathan\desktop\inventions\c++\battleshipgame\battleshipgame\introimp.cpp(132): warning C4129: '%' : unrecognized character escape sequence
     1>c:\users\nathan\desktop\inventions\c++\battleshipgame\battleshipgame\introimp.cpp(133): warning C4129: '_' : unrecognized character escape sequence
     1>c:\users\nathan\desktop\inventions\c++\battleshipgame\battleshipgame\introimp.cpp(134): warning C4129: ' ' : unrecognized character escape sequence
     1>c:\users\nathan\desktop\inventions\c++\battleshipgame\battleshipgame\introimp.cpp(135): warning C4129: '_' : unrecognized character escape sequence
     1>c:\users\nathan\desktop\inventions\c++\battleshipgame\battleshipgame\introimp.cpp(136): warning C4129: ' ' : unrecognized character escape sequence
     1>c:\users\nathan\desktop\inventions\c++\battleshipgame\battleshipgame\introimp.cpp(146): warning C4129: '_' : unrecognized character escape sequence
         EnemyTurn.cpp
     1>c:\users\nathan\desktop\inventions\c++\battleshipgame\battleshipgame\enemyturn.cpp(17): warning C4244: 'argument' : conversion from 'time_t' to 'unsigned int', possible loss of data
     1>c:\users\nathan\desktop\inventions\c++\battleshipgame\battleshipgame\enemyturn.cpp(152): warning C4996: 'getch': The POSIX name for this item is deprecated. Instead, use the ISO C++ conformant name: _getch. See online help for details.
                 c:\program files (x86)\microsoft visual studio 10.0\vc\include\conio.h(128) : see declaration of 'getch'
         BattleShip.cpp
     1>c:\users\nathan\desktop\inventions\c++\battleshipgame\battleshipgame\battleship.cpp(8): warning C4067: unexpected tokens following preprocessor directive - expected a newline
     1>c:\users\nathan\desktop\inventions\c++\battleshipgame\battleshipgame\battleship.cpp(26): warning C4101: 'y' : unreferenced local variable
     1>c:\users\nathan\desktop\inventions\c++\battleshipgame\battleshipgame\battleship.cpp(26): warning C4101: 'x' : unreferenced local variable
         Generating Code...
     1>c:\users\nathan\desktop\inventions\c++\battleshipgame\battleshipgame\enemyturn.cpp(140): warning C4715: 'Map::ePreciseShot' : not all control paths return a value
       ManifestResourceCompile:
         C:\Program Files (x86)\Microsoft SDKs\Windows\v7.0A\bin\rc.exe /nologo /fo"Debug\BattleShipGame.exe.embed.manifest.res" Debug\BattleShipGame_manifest.rc 
       Link:
         c:\Program Files (x86)\Microsoft Visual Studio 10.0\VC\bin\link.exe /ERRORREPORT:PROMPT /OUT:"C:\Users\Nathan\Desktop\Inventions\C++\BattleShipGame\Debug\BattleShipGame.exe" /INCREMENTAL /NOLOGO kernel32.lib user32.lib gdi32.lib winspool.lib comdlg32.lib advapi32.lib shell32.lib ole32.lib oleaut32.lib uuid.lib odbc32.lib odbccp32.lib /MANIFEST /ManifestFile:"Debug\BattleShipGame.exe.intermediate.manifest" /MANIFESTUAC:"level='asInvoker' uiAccess='false'" /DEBUG /PDB:"C:\Users\Nathan\Desktop\Inventions\C++\BattleShipGame\Debug\BattleShipGame.pdb" /SUBSYSTEM:CONSOLE /TLBID:1 /DYNAMICBASE /NXCOMPAT /IMPLIB:"C:\Users\Nathan\Desktop\Inventions\C++\BattleShipGame\Debug\BattleShipGame.lib" /MACHINE:X86 Debug\BattleShipGame.exe.embed.manifest.res
         Debug\BattleShip.obj
         Debug\EnemyTurn.obj
         Debug\IntroImp.obj
         Debug\MapImp.obj
         Debug\PlayerTurn.obj
         Debug\ShipImp.obj
       Manifest:
         C:\Program Files (x86)\Microsoft SDKs\Windows\v7.0A\bin\mt.exe /nologo /verbose /out:"Debug\BattleShipGame.exe.embed.manifest" /manifest Debug\BattleShipGame.exe.intermediate.manifest
         All outputs are up-to-date.
       LinkEmbedManifest:
         All outputs are up-to-date.
         BattleShipGame.vcxproj -> C:\Users\Nathan\Desktop\Inventions\C++\BattleShipGame\Debug\BattleShipGame.exe
       FinalizeBuildStatus:
         Deleting file "Debug\BattleShipGame.unsuccessfulbuild".
         Touching "Debug\BattleShipGame.lastbuildstate".
     1>Done Building Project "C:\Users\Nathan\Desktop\Inventions\C++\BattleShipGame\BattleShipGame\BattleShipGame.vcxproj" (build target(s)).

Build succeeded.

Time Elapsed 00:00:02.61
